2023-10-17 13:58:18,338 - root - INFO - initializing...
2023-10-17 13:59:56,812 - root - INFO - initializing...
2023-10-17 14:00:40,739 - root - INFO - initializing...
2023-10-17 14:01:36,848 - root - INFO - initializing...
2023-10-17 14:03:40,702 - root - INFO - initializing...
2023-10-17 14:03:40,703 - root - INFO - Slayer waking up...
2023-10-17 14:04:49,973 - root - INFO - initializing...
2023-10-17 14:04:49,974 - root - INFO - Slayer waking up...
2023-10-17 14:05:55,137 - root - WARNING - 2023-10-17 14:05:50.008624 | PEEK DETECTED! Peeking into darkness? The Slayer's response is swift and unforgiving.
2023-10-17 14:07:00,338 - root - WARNING - 2023-10-17 14:06:55.166718 | PEEK DETECTED! Intrusion detected. The Slayer's vigilance knows no bounds.
2023-10-17 14:07:22,139 - root - INFO - initializing...
2023-10-17 14:07:22,139 - root - INFO - Slayer waking up...
2023-10-17 14:08:27,309 - root - WARNING - PEEK DETECTED! Intrusion detected. The Slayer's vigilance knows no bounds.
2023-10-17 14:09:32,455 - root - WARNING - PEEK DETECTED! Trespassers, beware. The Slayer's gaze penetrates all.
2023-10-17 14:10:37,596 - root - WARNING - PEEK DETECTED! Trespassers, beware. The Slayer's gaze penetrates all.
2023-10-17 14:11:42,743 - root - WARNING - PEEK DETECTED! Peeker, meet your doom. The Slayer's watchful presence strikes fear.
2023-10-17 14:12:47,902 - root - WARNING - PEEK DETECTED! Peeker, meet your doom. The Slayer's watchful presence strikes fear.
2023-10-17 14:13:53,051 - root - WARNING - PEEK DETECTED! The Slayer's watchful gaze leaves no secrets. Beware those who dare to peek.
2023-10-17 14:14:58,213 - root - WARNING - PEEK DETECTED! Curiosity brings doom. The Slayer's senses are honed to perfection.
2023-10-17 14:16:03,407 - root - WARNING - PEEK DETECTED! A curious gaze thwarted. Intruders beware, for the Slayer is ever watchful.
2023-10-17 14:17:08,571 - root - WARNING - PEEK DETECTED! Intrusion detected. The Slayer's vigilance knows no bounds.
2023-10-17 14:18:13,759 - root - WARNING - PEEK DETECTED! Unwanted observer spotted. Slayer's vigilant eye never rests.
2023-10-17 14:19:18,907 - root - WARNING - PEEK DETECTED! Trespassers, beware. The Slayer's gaze penetrates all.
2023-10-17 14:20:02,796 - root - INFO - initializing...
2023-10-17 14:20:02,796 - root - INFO - Slayer waking up...
2023-10-17 14:44:22,334 - root - INFO - initializing...
2023-10-17 14:44:22,334 - root - INFO - Slayer Protocol Engaged...
2023-10-17 14:45:27,497 - root - WARNING - PEEK DETECTED! Intrusion detected. The Slayer's vigilance knows no bounds.
2023-10-17 14:46:32,641 - root - WARNING - PEEK DETECTED! Curiosity brings doom. The Slayer's senses are honed to perfection.
2023-10-17 14:47:32,761 - root - INFO - All clear... Intruders vanish in the face of the Slayer's watchful gaze.
2023-10-17 14:48:32,863 - root - INFO - All clear... With unwavering vigilance, the Slayer maintains a realm secure.
2023-10-17 14:49:32,960 - root - INFO - All clear... No unauthorized entry detected. The Slayer's vigilance stands unchallenged.
2023-10-17 14:50:33,088 - root - INFO - All clear... No trespassers to be found. The Slayer's domain remains untarnished.
2023-10-17 14:51:33,195 - root - INFO - All clear... Intruders, be warned. The Slayer's watchful presence leaves no room for secrecy.
2023-10-17 14:52:33,313 - root - INFO - All clear... Intruders vanish in the face of the Slayer's watchful gaze.
2023-10-17 14:53:29,103 - root - INFO - initializing...
2023-10-17 14:53:29,103 - root - INFO - Slayer Protocol Engaged...
2023-10-17 14:54:34,260 - root - WARNING - PEEK DETECTED! Peeking into darkness? The Slayer's response is swift and unforgiving.
2023-10-17 14:55:39,404 - root - WARNING - PEEK DETECTED! Unwanted observer spotted. Slayer's vigilant eye never rests.
2023-10-17 14:56:44,600 - root - WARNING - PEEK DETECTED! A curious gaze thwarted. Intruders beware, for the Slayer is ever watchful.
2023-10-17 14:57:44,740 - root - INFO - All clear... All clear in the Slayer's domain. Intruders, take heed and stay away.
2023-10-17 14:58:44,850 - root - INFO - All clear... Intruders, be warned. The Slayer's watchful presence leaves no room for secrecy.
2023-10-17 14:59:44,965 - root - INFO - All clear... The Slayer's domain stands firm, free from prying eyes.
2023-10-17 15:00:45,109 - root - INFO - All clear... Intruders, be warned. The Slayer's watchful presence leaves no room for secrecy.
2023-10-17 15:01:45,229 - root - INFO - All clear... With unbroken resolve, the Slayer's realm remains impenetrable.
2023-10-17 15:02:45,333 - root - INFO - All clear... No trespassers to be found. The Slayer's domain remains untarnished.
2023-10-17 15:03:45,444 - root - INFO - All clear... All clear in the Slayer's domain. Intruders, take heed and stay away.
2023-10-17 15:04:45,555 - root - INFO - All clear... With unwavering vigilance, the Slayer maintains a realm secure.
2023-10-17 15:05:45,657 - root - INFO - All clear... No trespassers to be found. The Slayer's domain remains untarnished.
2023-10-17 15:06:31,992 - root - INFO - initializing...
2023-10-17 15:06:31,992 - root - INFO - Slayer Awakens...
2023-10-17 15:07:32,091 - root - INFO - All clear... The Slayer's domain stands firm, free from prying eyes.
2023-10-17 15:08:37,271 - root - WARNING - PEEK DETECTED! A curious gaze thwarted. Intruders beware, for the Slayer is ever watchful.
2023-10-17 15:09:42,456 - root - WARNING - PEEK DETECTED! You can't hide from the Slayer's watchful eye. Peek and you shall be found.
2023-10-17 15:10:47,596 - root - WARNING - PEEK DETECTED! Trespassers, beware. The Slayer's gaze penetrates all.
2023-10-17 15:11:52,763 - root - WARNING - PEEK DETECTED! Snoopers, your fate is sealed. The Slayer's wrath is unrelenting.
2023-10-17 15:11:54,145 - root - INFO - initializing...
2023-10-17 15:11:54,146 - root - INFO - Slayer's Fury Ignites...
2023-10-17 15:12:59,294 - root - WARNING - PEEK DETECTED! Intrusion detected. The Slayer's vigilance knows no bounds.
2023-10-17 15:14:04,445 - root - WARNING - PEEK DETECTED! Peeker, meet your doom. The Slayer's watchful presence strikes fear.
2023-10-17 15:15:09,613 - root - WARNING - PEEK DETECTED! You can't hide from the Slayer's watchful eye. Peek and you shall be found.
2023-10-17 15:15:42,777 - root - INFO - initializing...
2023-10-17 15:15:42,778 - root - INFO - Doom Approaches...
2023-10-17 15:16:42,897 - root - WARNING - PEEK DETECTED! The Slayer's watchful gaze leaves no secrets. Beware those who dare to peek.
2023-10-17 15:17:43,017 - root - WARNING - PEEK DETECTED! A curious gaze thwarted. Intruders beware, for the Slayer is ever watchful.
2023-10-17 15:18:43,126 - root - WARNING - PEEK DETECTED! Curiosity brings doom. The Slayer's senses are honed to perfection.
2023-10-17 15:19:43,342 - root - WARNING - PEEK DETECTED! You can't hide from the Slayer's watchful eye. Peek and you shall be found.
2023-10-17 15:20:43,468 - root - WARNING - PEEK DETECTED! Snoopers, your fate is sealed. The Slayer's wrath is unrelenting.
2023-10-17 15:21:43,625 - root - WARNING - PEEK DETECTED! Unwanted observer spotted. Slayer's vigilant eye never rests.
2023-10-17 15:22:43,743 - root - INFO - All clear... No trespassers to be found. The Slayer's domain remains untarnished.
2023-10-17 15:23:43,850 - root - INFO - All clear... With unwavering vigilance, the Slayer maintains a realm secure.
2023-10-17 15:24:43,970 - root - INFO - All clear... Silent as the night, the Slayer's vigilance holds its ground.
2023-10-17 15:25:44,099 - root - INFO - All clear... All clear in the Slayer's domain. Intruders, take heed and stay away.
2023-10-17 15:26:44,196 - root - INFO - All clear... No trespassers to be found. The Slayer's domain remains untarnished.
2023-10-17 15:27:44,422 - root - INFO - All clear... With unwavering vigilance, the Slayer maintains a realm secure.
2023-10-17 15:28:44,601 - root - INFO - All clear... With unbroken resolve, the Slayer's realm remains impenetrable.
2023-10-17 15:29:44,699 - root - INFO - All clear... Silent as the night, the Slayer's vigilance holds its ground.
2023-10-17 15:30:44,808 - root - INFO - All clear... The Slayer's domain stands firm, free from prying eyes.
2023-10-17 15:31:44,967 - root - INFO - All clear... All clear in the Slayer's domain. Intruders, take heed and stay away.
2023-10-17 15:32:45,144 - root - INFO - All clear... No unauthorized entry detected. The Slayer's vigilance stands unchallenged.
2023-10-17 15:33:45,258 - root - INFO - All clear... The Slayer's domain stands firm, free from prying eyes.
2023-10-17 15:34:45,382 - root - INFO - All clear... Intruders vanish in the face of the Slayer's watchful gaze.
2023-10-17 15:35:45,486 - root - INFO - All clear... The Slayer's domain stands firm, free from prying eyes.
2023-10-17 15:36:45,591 - root - INFO - All clear... All clear on the Slayer's watch. Fear not, for the domain remains untouchable.
2023-10-17 15:37:45,718 - root - INFO - All clear... With unwavering vigilance, the Slayer maintains a realm secure.
2023-10-17 15:38:45,803 - root - INFO - All clear... Intruders vanish in the face of the Slayer's watchful gaze.
2023-10-17 15:39:45,945 - root - INFO - All clear... The Slayer's domain stands firm, free from prying eyes.
2023-10-17 15:40:46,054 - root - INFO - All clear... All clear in the Slayer's domain. Intruders, take heed and stay away.
2023-10-17 15:41:46,161 - root - INFO - All clear... With unbroken resolve, the Slayer's realm remains impenetrable.
2023-10-17 15:42:46,280 - root - INFO - All clear... No unauthorized entry detected. The Slayer's vigilance stands unchallenged.
2023-10-17 15:43:46,376 - root - INFO - All clear... The Slayer's domain stands firm, free from prying eyes.
2023-10-17 15:44:46,471 - root - INFO - All clear... Intruders, be warned. The Slayer's watchful presence leaves no room for secrecy.
2023-10-17 15:45:46,580 - root - INFO - All clear... With unbroken resolve, the Slayer's realm remains impenetrable.
2023-10-17 15:46:46,697 - root - INFO - All clear... Intruders vanish in the face of the Slayer's watchful gaze.
2023-10-17 15:47:46,797 - root - INFO - All clear... Intruders, be warned. The Slayer's watchful presence leaves no room for secrecy.
2023-10-17 15:48:46,894 - root - INFO - All clear... With unwavering vigilance, the Slayer maintains a realm secure.
2023-10-17 15:49:46,989 - root - INFO - All clear... Intruders, be warned. The Slayer's watchful presence leaves no room for secrecy.
2023-10-17 15:50:47,074 - root - INFO - All clear... Intruders, be warned. The Slayer's watchful presence leaves no room for secrecy.
2023-10-17 15:51:47,131 - root - INFO - All clear... With unwavering vigilance, the Slayer maintains a realm secure.
2023-10-17 15:52:47,221 - root - INFO - All clear... Silent as the night, the Slayer's vigilance holds its ground.
2023-10-17 15:53:47,303 - root - INFO - All clear... With unwavering vigilance, the Slayer maintains a realm secure.
2023-10-17 15:54:47,385 - root - INFO - All clear... Silent as the night, the Slayer's vigilance holds its ground.
2023-10-17 15:55:47,467 - root - INFO - All clear... No trespassers to be found. The Slayer's domain remains untarnished.
2023-10-17 15:56:47,652 - root - INFO - All clear... All clear on the Slayer's watch. Fear not, for the domain remains untouchable.
2023-10-17 16:30:03,519 - root - INFO - initializing...
2023-10-17 16:30:03,520 - root - INFO - Initializing Carnage...
2023-10-17 16:30:19,670 - root - INFO - initializing...
2023-10-17 16:30:54,956 - root - INFO - initializing...
2023-10-17 16:30:54,956 - root - INFO - Opening main apps...
2023-10-17 16:30:54,956 - root - INFO - Initializing chrome...
2023-10-17 16:30:55,089 - root - INFO - Initializing outlook...
2023-10-17 16:30:55,110 - root - INFO - Initializing spark...
2023-10-17 16:30:55,130 - root - INFO - Initializing VS Code...
2023-10-17 16:30:55,184 - root - INFO - Done.
2023-10-17 16:30:55,185 - root - INFO - Chaos Unleashes...
2023-10-17 16:31:40,375 - root - INFO - initializing...
2023-10-17 16:31:40,377 - root - INFO - Opening main apps...
2023-10-17 16:31:40,377 - root - INFO - Initializing chrome...
2023-10-17 16:31:40,495 - root - INFO - Initializing outlook...
2023-10-17 16:31:40,516 - root - INFO - Initializing spark...
2023-10-17 16:31:40,540 - root - INFO - Initializing VS Code...
2023-10-17 16:31:40,604 - root - INFO - Done.
2023-10-17 16:31:40,615 - root - INFO - Slayer's Fury Ignites...
2023-10-17 16:32:40,831 - root - INFO - All clear... All clear in the Slayer's domain. Intruders, take heed and stay away.
